[0m[[0m[0mdebug[0m] [0m[0m> Exec([A, Some(76bb1232-ba14-4995-a263-a2dd551cac44), Some(CommandSource(console0)))[0m
[0m[[0m[31merror[0m] [0m[0mExpected letter[0m
[0m[[0m[31merror[0m] [0m[0mExpected symbol[0m
[0m[[0m[31merror[0m] [0m[0mExpected '+'[0m
[0m[[0m[31merror[0m] [0m[0mExpected '++'[0m
[0m[[0m[31merror[0m] [0m[0mExpected 'java++'[0m
[0m[[0m[31merror[0m] [0m[0mExpected 'java+'[0m
[0m[[0m[31merror[0m] [0m[0mExpected '^'[0m
[0m[[0m[31merror[0m] [0m[0mExpected '^^'[0m
[0m[[0m[31merror[0m] [0m[0mExpected '+-'[0m
[0m[[0m[31merror[0m] [0m[0mExpected 'debug'[0m
[0m[[0m[31merror[0m] [0m[0mExpected 'info'[0m
[0m[[0m[31merror[0m] [0m[0mExpected 'warn'[0m
[0m[[0m[31merror[0m] [0m[0mExpected 'error'[0m
[0m[[0m[31merror[0m] [0m[0mExpected 'addPluginSbtFile'[0m
[0m[[0m[31merror[0m] [0m[0mExpected 'sbtRebootNetwork'[0m
[0m[[0m[31merror[0m] [0m[0mExpected 'show'[0m
[0m[[0m[31merror[0m] [0m[0mExpected 'print'[0m
[0m[[0m[31merror[0m] [0m[0mExpected 'all'[0m
[0m[[0m[31merror[0m] [0m[0mExpected 'Global'[0m
[0m[[0m[31merror[0m] [0m[0mExpected '*'[0m
[0m[[0m[31merror[0m] [0m[0mExpected 'Zero'[0m
[0m[[0m[31merror[0m] [0m[0mExpected 'ThisBuild'[0m
[0m[[0m[31merror[0m] [0m[0mExpected 'ProjectRef('[0m
[0m[[0m[31merror[0m] [0m[0mExpected '{'[0m
[0m[[0m[31merror[0m] [0m[0mExpected project ID[0m
[0m[[0m[31merror[0m] [0m[0mExpected configuration[0m
[0m[[0m[31merror[0m] [0m[0mExpected configuration ident[0m
[0m[[0m[31merror[0m] [0m[0mExpected key[0m
[0m[[0m[31merror[0m] [0m[0mExpected '__disconnectNetworkChannel'[0m
[0m[[0m[31merror[0m] [0m[0mExpected '__waitWatch'[0m
[0m[[0m[31merror[0m] [0m[0mExpected 'sbtPromptChannel'[0m
[0m[[0m[31merror[0m] [0m[0mExpected end of input.[0m
[0m[[0m[31merror[0m] [0m[0mExpected 'sbtRebootImpl'[0m
[0m[[0m[31merror[0m] [0m[0mExpected 'early('[0m
[0m[[0m[31merror[0m] [0m[0mExpected '-'[0m
[0m[[0m[31merror[0m] [0m[0mExpected '--'[0m
[0m[[0m[31merror[0m] [0m[0mExpected '!'[0m
[0m[[0m[31merror[0m] [0m[0mExpected 'sbtReportResult'[0m
[0m[[0m[31merror[0m] [0m[0mExpected 'sbtMapExec'[0m
[0m[[0m[31merror[0m] [0m[0mExpected 'sbtCompleteExec'[0m
[0m[[0m[31merror[0m] [0m[0mExpected '__failWatch'[0m
[0m[[0m[31merror[0m] [0m[0mExpected '__preWatch'[0m
[0m[[0m[31merror[0m] [0m[0mExpected '__postWatch'[0m
[0m[[0m[31merror[0m] [0m[0mExpected '__runWatch'[0m
[0m[[0m[31merror[0m] [0m[0mExpected '__stopWatch'[0m
[0m[[0m[31merror[0m] [0m[0m[A[0m
[0m[[0m[31merror[0m] [0m[0m^[0m
[0m[[0m[0mdebug[0m] [0m[0m> Exec(shell, None, None)[0m
[0m[[0m[31merror[0m] [0m[0mserver failed to start on local:///afs/inf.ed.ac.uk/user/s22/s2210057/.sbt/1.0/server/a63029813fa080009bf2/sock. java.io.IOException: org.scalasbt.ipcsocket.NativeErrorException: [1] Operation not permitted[0m
